[timestamp=2019-10-17 17:15:48.214] [level=DEBUG] [app_id=stop-boot-admin] [http-nio-8087-exec-1] [org.springframework.security.web.util.matcher.AntPathRequestMatcher : AntPathRequestMatcher.java : 176] Checking match of request : '/help/generator/done'; against '/auth/login2'
[timestamp=2019-10-17 17:15:48.214] [level=DEBUG] [app_id=stop-boot-admin] [http-nio-8087-exec-1] [org.springframework.security.web.util.matcher.AntPathRequestMatcher : AntPathRequestMatcher.java : 156] Request 'POST /help/generator/done' doesn't match 'GET /'
[timestamp=2019-10-17 17:15:48.214] [level=DEBUG] [app_id=stop-boot-admin] [http-nio-8087-exec-1] [org.springframework.security.web.util.matcher.AntPathRequestMatcher : AntPathRequestMatcher.java : 156] Request 'POST /help/generator/done' doesn't match 'GET /*.html'
[timestamp=2019-10-17 17:15:48.214] [level=DEBUG] [app_id=stop-boot-admin] [http-nio-8087-exec-1] [org.springframework.security.web.util.matcher.AntPathRequestMatcher : AntPathRequestMatcher.java : 156] Request 'POST /help/generator/done' doesn't match 'GET /favicon.ico'
[timestamp=2019-10-17 17:15:48.214] [level=DEBUG] [app_id=stop-boot-admin] [http-nio-8087-exec-1] [org.springframework.security.web.util.matcher.AntPathRequestMatcher : AntPathRequestMatcher.java : 156] Request 'POST /help/generator/done' doesn't match 'GET /**/*.html'
[timestamp=2019-10-17 17:15:48.215] [level=DEBUG] [app_id=stop-boot-admin] [http-nio-8087-exec-1] [org.springframework.security.web.util.matcher.AntPathRequestMatcher : AntPathRequestMatcher.java : 156] Request 'POST /help/generator/done' doesn't match 'GET /**/*.css'
[timestamp=2019-10-17 17:15:48.215] [level=DEBUG] [app_id=stop-boot-admin] [http-nio-8087-exec-1] [org.springframework.security.web.util.matcher.AntPathRequestMatcher : AntPathRequestMatcher.java : 156] Request 'POST /help/generator/done' doesn't match 'GET /**/*.js'
[timestamp=2019-10-17 17:15:48.215] [level=DEBUG] [app_id=stop-boot-admin] [http-nio-8087-exec-1] [org.springframework.security.web.util.matcher.AntPathRequestMatcher : AntPathRequestMatcher.java : 156] Request 'POST /help/generator/done' doesn't match 'GET /webjars/**'
[timestamp=2019-10-17 17:15:48.215] [level=DEBUG] [app_id=stop-boot-admin] [http-nio-8087-exec-1] [org.springframework.security.web.util.matcher.AntPathRequestMatcher : AntPathRequestMatcher.java : 156] Request 'POST /help/generator/done' doesn't match 'GET /doc.html'
[timestamp=2019-10-17 17:15:48.216] [level=DEBUG] [app_id=stop-boot-admin] [http-nio-8087-exec-1] [org.springframework.security.web.FilterChainProxy : FilterChainProxy.java : 328] /help/generator/done at position 1 of 11 in additional filter chain; firing Filter: 'WebAsyncManagerIntegrationFilter'
[timestamp=2019-10-17 17:15:48.216] [level=DEBUG] [app_id=stop-boot-admin] [http-nio-8087-exec-1] [org.springframework.security.web.FilterChainProxy : FilterChainProxy.java : 328] /help/generator/done at position 2 of 11 in additional filter chain; firing Filter: 'SecurityContextPersistenceFilter'
[timestamp=2019-10-17 17:15:48.216] [level=DEBUG] [app_id=stop-boot-admin] [http-nio-8087-exec-1] [org.springframework.security.web.FilterChainProxy : FilterChainProxy.java : 328] /help/generator/done at position 3 of 11 in additional filter chain; firing Filter: 'HeaderWriterFilter'
[timestamp=2019-10-17 17:15:48.216] [level=DEBUG] [app_id=stop-boot-admin] [http-nio-8087-exec-1] [org.springframework.security.web.FilterChainProxy : FilterChainProxy.java : 328] /help/generator/done at position 4 of 11 in additional filter chain; firing Filter: 'LogoutFilter'
[timestamp=2019-10-17 17:15:48.217] [level=DEBUG] [app_id=stop-boot-admin] [http-nio-8087-exec-1] [org.springframework.security.web.util.matcher.OrRequestMatcher : OrRequestMatcher.java : 65] Trying to match using Ant [pattern='/logout', GET]
[timestamp=2019-10-17 17:15:48.217] [level=DEBUG] [app_id=stop-boot-admin] [http-nio-8087-exec-1] [org.springframework.security.web.util.matcher.AntPathRequestMatcher : AntPathRequestMatcher.java : 156] Request 'POST /help/generator/done' doesn't match 'GET /logout'
[timestamp=2019-10-17 17:15:48.217] [level=DEBUG] [app_id=stop-boot-admin] [http-nio-8087-exec-1] [org.springframework.security.web.util.matcher.OrRequestMatcher : OrRequestMatcher.java : 65] Trying to match using Ant [pattern='/logout', POST]
[timestamp=2019-10-17 17:15:48.217] [level=DEBUG] [app_id=stop-boot-admin] [http-nio-8087-exec-1] [org.springframework.security.web.util.matcher.AntPathRequestMatcher : AntPathRequestMatcher.java : 176] Checking match of request : '/help/generator/done'; against '/logout'
[timestamp=2019-10-17 17:15:48.217] [level=DEBUG] [app_id=stop-boot-admin] [http-nio-8087-exec-1] [org.springframework.security.web.util.matcher.OrRequestMatcher : OrRequestMatcher.java : 65] Trying to match using Ant [pattern='/logout', PUT]
[timestamp=2019-10-17 17:15:48.217] [level=DEBUG] [app_id=stop-boot-admin] [http-nio-8087-exec-1] [org.springframework.security.web.util.matcher.AntPathRequestMatcher : AntPathRequestMatcher.java : 156] Request 'POST /help/generator/done' doesn't match 'PUT /logout'
[timestamp=2019-10-17 17:15:48.217] [level=DEBUG] [app_id=stop-boot-admin] [http-nio-8087-exec-1] [org.springframework.security.web.util.matcher.OrRequestMatcher : OrRequestMatcher.java : 65] Trying to match using Ant [pattern='/logout', DELETE]
[timestamp=2019-10-17 17:15:48.218] [level=DEBUG] [app_id=stop-boot-admin] [http-nio-8087-exec-1] [org.springframework.security.web.util.matcher.AntPathRequestMatcher : AntPathRequestMatcher.java : 156] Request 'POST /help/generator/done' doesn't match 'DELETE /logout'
[timestamp=2019-10-17 17:15:48.218] [level=DEBUG] [app_id=stop-boot-admin] [http-nio-8087-exec-1] [org.springframework.security.web.util.matcher.OrRequestMatcher : OrRequestMatcher.java : 72] No matches found
[timestamp=2019-10-17 17:15:48.218] [level=DEBUG] [app_id=stop-boot-admin] [http-nio-8087-exec-1] [org.springframework.security.web.FilterChainProxy : FilterChainProxy.java : 328] /help/generator/done at position 5 of 11 in additional filter chain; firing Filter: 'JwtRequestFilter'
[timestamp=2019-10-17 17:15:48.218] [level=DEBUG] [app_id=stop-boot-admin] [http-nio-8087-exec-1] [org.springframework.security.web.FilterChainProxy : FilterChainProxy.java : 328] /help/generator/done at position 6 of 11 in additional filter chain; firing Filter: 'RequestCacheAwareFilter'
[timestamp=2019-10-17 17:15:48.218] [level=DEBUG] [app_id=stop-boot-admin] [http-nio-8087-exec-1] [org.springframework.security.web.FilterChainProxy : FilterChainProxy.java : 328] /help/generator/done at position 7 of 11 in additional filter chain; firing Filter: 'SecurityContextHolderAwareRequestFilter'
[timestamp=2019-10-17 17:15:48.219] [level=DEBUG] [app_id=stop-boot-admin] [http-nio-8087-exec-1] [org.springframework.security.web.FilterChainProxy : FilterChainProxy.java : 328] /help/generator/done at position 8 of 11 in additional filter chain; firing Filter: 'AnonymousAuthenticationFilter'
[timestamp=2019-10-17 17:15:48.219] [level=DEBUG] [app_id=stop-boot-admin] [http-nio-8087-exec-1] [org.springframework.security.web.authentication.AnonymousAuthenticationFilter : AnonymousAuthenticationFilter.java : 100] Populated SecurityContextHolder with anonymous token: 'org.springframework.security.authentication.AnonymousAuthenticationToken@48eb6852: Principal: anonymousUser; Credentials: [PROTECTED]; Authenticated: true; Details: org.springframework.security.web.authentication.WebAuthenticationDetails@b364: RemoteIpAddress: 0:0:0:0:0:0:0:1; SessionId: null; Granted Authorities: ROLE_ANONYMOUS'
[timestamp=2019-10-17 17:15:48.219] [level=DEBUG] [app_id=stop-boot-admin] [http-nio-8087-exec-1] [org.springframework.security.web.FilterChainProxy : FilterChainProxy.java : 328] /help/generator/done at position 9 of 11 in additional filter chain; firing Filter: 'SessionManagementFilter'
[timestamp=2019-10-17 17:15:48.219] [level=DEBUG] [app_id=stop-boot-admin] [http-nio-8087-exec-1] [org.springframework.security.web.FilterChainProxy : FilterChainProxy.java : 328] /help/generator/done at position 10 of 11 in additional filter chain; firing Filter: 'ExceptionTranslationFilter'
[timestamp=2019-10-17 17:15:48.220] [level=DEBUG] [app_id=stop-boot-admin] [http-nio-8087-exec-1] [org.springframework.security.web.FilterChainProxy : FilterChainProxy.java : 328] /help/generator/done at position 11 of 11 in additional filter chain; firing Filter: 'FilterSecurityInterceptor'
[timestamp=2019-10-17 17:15:48.220] [level=DEBUG] [app_id=stop-boot-admin] [http-nio-8087-exec-1] [org.springframework.security.web.access.intercept.FilterSecurityInterceptor : AbstractSecurityInterceptor.java : 219] Secure object: FilterInvocation: URL: /help/generator/done; Attributes: [permitAll]
[timestamp=2019-10-17 17:15:48.220] [level=DEBUG] [app_id=stop-boot-admin] [http-nio-8087-exec-1] [org.springframework.security.web.access.intercept.FilterSecurityInterceptor : AbstractSecurityInterceptor.java : 348] Previously Authenticated: org.springframework.security.authentication.AnonymousAuthenticationToken@48eb6852: Principal: anonymousUser; Credentials: [PROTECTED]; Authenticated: true; Details: org.springframework.security.web.authentication.WebAuthenticationDetails@b364: RemoteIpAddress: 0:0:0:0:0:0:0:1; SessionId: null; Granted Authorities: ROLE_ANONYMOUS
[timestamp=2019-10-17 17:15:48.220] [level=DEBUG] [app_id=stop-boot-admin] [http-nio-8087-exec-1] [org.springframework.security.access.vote.AffirmativeBased : AffirmativeBased.java : 66] Voter: org.springframework.security.web.access.expression.WebExpressionVoter@3cdf3777, returned: 1
[timestamp=2019-10-17 17:15:48.220] [level=DEBUG] [app_id=stop-boot-admin] [http-nio-8087-exec-1] [org.springframework.security.web.access.intercept.FilterSecurityInterceptor : AbstractSecurityInterceptor.java : 243] Authorization successful
[timestamp=2019-10-17 17:15:48.221] [level=DEBUG] [app_id=stop-boot-admin] [http-nio-8087-exec-1] [org.springframework.security.web.access.intercept.FilterSecurityInterceptor : AbstractSecurityInterceptor.java : 256] RunAsManager did not change Authentication object
[timestamp=2019-10-17 17:15:48.221] [level=DEBUG] [app_id=stop-boot-admin] [http-nio-8087-exec-1] [org.springframework.security.web.FilterChainProxy : FilterChainProxy.java : 313] /help/generator/done reached end of additional filter chain; proceeding with original chain
[timestamp=2019-10-17 17:15:48.221] [level=DEBUG] [app_id=stop-boot-admin] [http-nio-8087-exec-1] [org.springframework.web.servlet.DispatcherServlet : LogFormatUtils.java : 91] POST "/api/help/generator/done", parameters={}
[timestamp=2019-10-17 17:15:48.221] [level=DEBUG] [app_id=stop-boot-admin] [http-nio-8087-exec-1] [springfox.documentation.spring.web.PropertySourcedRequestMappingHandlerMapping : PropertySourcedRequestMappingHandlerMapping.java : 108] looking up handler for path: /help/generator/done
[timestamp=2019-10-17 17:15:48.222] [level=DEBUG] [app_id=stop-boot-admin] [http-nio-8087-exec-1] [org.springframework.web.servlet.mvc.method.annotation.RequestMappingHandlerMapping : AbstractHandlerMapping.java : 420] Mapped to public com.stopboot.admin.common.ResultData<com.stopboot.admin.model.help.generator.dowm.GeneratorVO> com.stopboot.admin.controller.help.generator.SbGeneratorController.done(com.stopboot.admin.model.help.generator.dowm.GeneratorParams)
[timestamp=2019-10-17 17:15:48.223] [level=DEBUG] [app_id=stop-boot-admin] [http-nio-8087-exec-1] [org.springframework.web.servlet.mvc.method.annotation.RequestResponseBodyMethodProcessor : AbstractMessageConverterMethodProcessor.java : 268] Using 'application/json;charset=UTF-8', given [*/*] and supported [application/json;charset=UTF-8, application/json, application/*+json]
[timestamp=2019-10-17 17:15:48.224] [level=DEBUG] [app_id=stop-boot-admin] [http-nio-8087-exec-1] [org.springframework.web.servlet.mvc.method.annotation.RequestResponseBodyMethodProcessor : LogFormatUtils.java : 91] Writing [ResultData(data=GeneratorVO(url=null), timestamp=1571303748222, code=SUCCESS, msg=操作成功, failCode=nul (truncated)...]
[timestamp=2019-10-17 17:15:48.225] [level=DEBUG] [app_id=stop-boot-admin] [http-nio-8087-exec-1] [org.springframework.security.web.header.writers.HstsHeaderWriter : HstsHeaderWriter.java : 129] Not injecting HSTS header since it did not match the requestMatcher org.springframework.security.web.header.writers.HstsHeaderWriter$SecureRequestMatcher@4265c090
[timestamp=2019-10-17 17:15:48.225] [level=DEBUG] [app_id=stop-boot-admin] [http-nio-8087-exec-1] [org.springframework.web.servlet.DispatcherServlet : FrameworkServlet.java : 1130] Completed 200 OK
[timestamp=2019-10-17 17:15:48.226] [level=DEBUG] [app_id=stop-boot-admin] [http-nio-8087-exec-1] [org.springframework.security.web.access.ExceptionTranslationFilter : ExceptionTranslationFilter.java : 121] Chain processed normally
[timestamp=2019-10-17 17:15:48.226] [level=DEBUG] [app_id=stop-boot-admin] [http-nio-8087-exec-1] [org.springframework.security.web.context.SecurityContextPersistenceFilter : SecurityContextPersistenceFilter.java : 119] SecurityContextHolder now cleared, as request processing completed
[timestamp=2019-10-17 17:15:50.742] [level=DEBUG] [app_id=stop-boot-admin] [http-nio-8087-exec-2] [org.springframework.security.web.util.matcher.AntPathRequestMatcher : AntPathRequestMatcher.java : 156] Request 'OPTIONS /system/menu/list' doesn't match 'POST /auth/login2'
[timestamp=2019-10-17 17:15:50.743] [level=DEBUG] [app_id=stop-boot-admin] [http-nio-8087-exec-2] [org.springframework.security.web.util.matcher.AntPathRequestMatcher : AntPathRequestMatcher.java : 156] Request 'OPTIONS /system/menu/list' doesn't match 'GET /'
[timestamp=2019-10-17 17:15:50.744] [level=DEBUG] [app_id=stop-boot-admin] [http-nio-8087-exec-2] [org.springframework.security.web.util.matcher.AntPathRequestMatcher : AntPathRequestMatcher.java : 156] Request 'OPTIONS /system/menu/list' doesn't match 'GET /*.html'
[timestamp=2019-10-17 17:15:50.744] [level=DEBUG] [app_id=stop-boot-admin] [http-nio-8087-exec-2] [org.springframework.security.web.util.matcher.AntPathRequestMatcher : AntPathRequestMatcher.java : 156] Request 'OPTIONS /system/menu/list' doesn't match 'GET /favicon.ico'
[timestamp=2019-10-17 17:15:50.744] [level=DEBUG] [app_id=stop-boot-admin] [http-nio-8087-exec-2] [org.springframework.security.web.util.matcher.AntPathRequestMatcher : AntPathRequestMatcher.java : 156] Request 'OPTIONS /system/menu/list' doesn't match 'GET /**/*.html'
[timestamp=2019-10-17 17:15:50.744] [level=DEBUG] [app_id=stop-boot-admin] [http-nio-8087-exec-2] [org.springframework.security.web.util.matcher.AntPathRequestMatcher : AntPathRequestMatcher.java : 156] Request 'OPTIONS /system/menu/list' doesn't match 'GET /**/*.css'
[timestamp=2019-10-17 17:15:50.744] [level=DEBUG] [app_id=stop-boot-admin] [http-nio-8087-exec-2] [org.springframework.security.web.util.matcher.AntPathRequestMatcher : AntPathRequestMatcher.java : 156] Request 'OPTIONS /system/menu/list' doesn't match 'GET /**/*.js'
[timestamp=2019-10-17 17:15:50.744] [level=DEBUG] [app_id=stop-boot-admin] [http-nio-8087-exec-2] [org.springframework.security.web.util.matcher.AntPathRequestMatcher : AntPathRequestMatcher.java : 156] Request 'OPTIONS /system/menu/list' doesn't match 'GET /webjars/**'
[timestamp=2019-10-17 17:15:50.744] [level=DEBUG] [app_id=stop-boot-admin] [http-nio-8087-exec-2] [org.springframework.security.web.util.matcher.AntPathRequestMatcher : AntPathRequestMatcher.java : 156] Request 'OPTIONS /system/menu/list' doesn't match 'GET /doc.html'
[timestamp=2019-10-17 17:15:50.745] [level=DEBUG] [app_id=stop-boot-admin] [http-nio-8087-exec-2] [org.springframework.security.web.FilterChainProxy : FilterChainProxy.java : 328] /system/menu/list at position 1 of 11 in additional filter chain; firing Filter: 'WebAsyncManagerIntegrationFilter'
[timestamp=2019-10-17 17:15:50.745] [level=DEBUG] [app_id=stop-boot-admin] [http-nio-8087-exec-2] [org.springframework.security.web.FilterChainProxy : FilterChainProxy.java : 328] /system/menu/list at position 2 of 11 in additional filter chain; firing Filter: 'SecurityContextPersistenceFilter'
[timestamp=2019-10-17 17:15:50.745] [level=DEBUG] [app_id=stop-boot-admin] [http-nio-8087-exec-2] [org.springframework.security.web.FilterChainProxy : FilterChainProxy.java : 328] /system/menu/list at position 3 of 11 in additional filter chain; firing Filter: 'HeaderWriterFilter'
[timestamp=2019-10-17 17:15:50.745] [level=DEBUG] [app_id=stop-boot-admin] [http-nio-8087-exec-2] [org.springframework.security.web.FilterChainProxy : FilterChainProxy.java : 328] /system/menu/list at position 4 of 11 in additional filter chain; firing Filter: 'LogoutFilter'
[timestamp=2019-10-17 17:15:50.745] [level=DEBUG] [app_id=stop-boot-admin] [http-nio-8087-exec-2] [org.springframework.security.web.util.matcher.OrRequestMatcher : OrRequestMatcher.java : 65] Trying to match using Ant [pattern='/logout', GET]
[timestamp=2019-10-17 17:15:50.745] [level=DEBUG] [app_id=stop-boot-admin] [http-nio-8087-exec-2] [org.springframework.security.web.util.matcher.AntPathRequestMatcher : AntPathRequestMatcher.java : 156] Request 'OPTIONS /system/menu/list' doesn't match 'GET /logout'
[timestamp=2019-10-17 17:15:50.746] [level=DEBUG] [app_id=stop-boot-admin] [http-nio-8087-exec-2] [org.springframework.security.web.util.matcher.OrRequestMatcher : OrRequestMatcher.java : 65] Trying to match using Ant [pattern='/logout', POST]
[timestamp=2019-10-17 17:15:50.746] [level=DEBUG] [app_id=stop-boot-admin] [http-nio-8087-exec-2] [org.springframework.security.web.util.matcher.AntPathRequestMatcher : AntPathRequestMatcher.java : 156] Request 'OPTIONS /system/menu/list' doesn't match 'POST /logout'
[timestamp=2019-10-17 17:15:50.746] [level=DEBUG] [app_id=stop-boot-admin] [http-nio-8087-exec-2] [org.springframework.security.web.util.matcher.OrRequestMatcher : OrRequestMatcher.java : 65] Trying to match using Ant [pattern='/logout', PUT]
[timestamp=2019-10-17 17:15:50.746] [level=DEBUG] [app_id=stop-boot-admin] [http-nio-8087-exec-2] [org.springframework.security.web.util.matcher.AntPathRequestMatcher : AntPathRequestMatcher.java : 156] Request 'OPTIONS /system/menu/list' doesn't match 'PUT /logout'
[timestamp=2019-10-17 17:15:50.746] [level=DEBUG] [app_id=stop-boot-admin] [http-nio-8087-exec-2] [org.springframework.security.web.util.matcher.OrRequestMatcher : OrRequestMatcher.java : 65] Trying to match using Ant [pattern='/logout', DELETE]
[timestamp=2019-10-17 17:15:50.746] [level=DEBUG] [app_id=stop-boot-admin] [http-nio-8087-exec-2] [org.springframework.security.web.util.matcher.AntPathRequestMatcher : AntPathRequestMatcher.java : 156] Request 'OPTIONS /system/menu/list' doesn't match 'DELETE /logout'
[timestamp=2019-10-17 17:15:50.746] [level=DEBUG] [app_id=stop-boot-admin] [http-nio-8087-exec-2] [org.springframework.security.web.util.matcher.OrRequestMatcher : OrRequestMatcher.java : 72] No matches found
[timestamp=2019-10-17 17:15:50.746] [level=DEBUG] [app_id=stop-boot-admin] [http-nio-8087-exec-2] [org.springframework.security.web.FilterChainProxy : FilterChainProxy.java : 328] /system/menu/list at position 5 of 11 in additional filter chain; firing Filter: 'JwtRequestFilter'
[timestamp=2019-10-17 17:15:50.747] [level=DEBUG] [app_id=stop-boot-admin] [http-nio-8087-exec-2] [org.springframework.security.web.FilterChainProxy : FilterChainProxy.java : 328] /system/menu/list at position 6 of 11 in additional filter chain; firing Filter: 'RequestCacheAwareFilter'
[timestamp=2019-10-17 17:15:50.747] [level=DEBUG] [app_id=stop-boot-admin] [http-nio-8087-exec-2] [org.springframework.security.web.FilterChainProxy : FilterChainProxy.java : 328] /system/menu/list at position 7 of 11 in additional filter chain; firing Filter: 'SecurityContextHolderAwareRequestFilter'
[timestamp=2019-10-17 17:15:50.748] [level=DEBUG] [app_id=stop-boot-admin] [http-nio-8087-exec-2] [org.springframework.security.web.FilterChainProxy : FilterChainProxy.java : 328] /system/menu/list at position 8 of 11 in additional filter chain; firing Filter: 'AnonymousAuthenticationFilter'
[timestamp=2019-10-17 17:15:50.748] [level=DEBUG] [app_id=stop-boot-admin] [http-nio-8087-exec-2] [org.springframework.security.web.authentication.AnonymousAuthenticationFilter : AnonymousAuthenticationFilter.java : 100] Populated SecurityContextHolder with anonymous token: 'org.springframework.security.authentication.AnonymousAuthenticationToken@48dccbfa: Principal: anonymousUser; Credentials: [PROTECTED]; Authenticated: true; Details: org.springframework.security.web.authentication.WebAuthenticationDetails@3bcc: RemoteIpAddress: 10.38.1.61; SessionId: null; Granted Authorities: ROLE_ANONYMOUS'
[timestamp=2019-10-17 17:15:50.748] [level=DEBUG] [app_id=stop-boot-admin] [http-nio-8087-exec-2] [org.springframework.security.web.FilterChainProxy : FilterChainProxy.java : 328] /system/menu/list at position 9 of 11 in additional filter chain; firing Filter: 'SessionManagementFilter'
[timestamp=2019-10-17 17:15:50.748] [level=DEBUG] [app_id=stop-boot-admin] [http-nio-8087-exec-2] [org.springframework.security.web.FilterChainProxy : FilterChainProxy.java : 328] /system/menu/list at position 10 of 11 in additional filter chain; firing Filter: 'ExceptionTranslationFilter'
[timestamp=2019-10-17 17:15:50.749] [level=DEBUG] [app_id=stop-boot-admin] [http-nio-8087-exec-2] [org.springframework.security.web.FilterChainProxy : FilterChainProxy.java : 328] /system/menu/list at position 11 of 11 in additional filter chain; firing Filter: 'FilterSecurityInterceptor'
[timestamp=2019-10-17 17:15:50.749] [level=DEBUG] [app_id=stop-boot-admin] [http-nio-8087-exec-2] [org.springframework.security.web.access.intercept.FilterSecurityInterceptor : AbstractSecurityInterceptor.java : 219] Secure object: FilterInvocation: URL: /system/menu/list; Attributes: [permitAll]
[timestamp=2019-10-17 17:15:50.749] [level=DEBUG] [app_id=stop-boot-admin] [http-nio-8087-exec-2] [org.springframework.security.web.access.intercept.FilterSecurityInterceptor : AbstractSecurityInterceptor.java : 348] Previously Authenticated: org.springframework.security.authentication.AnonymousAuthenticationToken@48dccbfa: Principal: anonymousUser; Credentials: [PROTECTED]; Authenticated: true; Details: org.springframework.security.web.authentication.WebAuthenticationDetails@3bcc: RemoteIpAddress: 10.38.1.61; SessionId: null; Granted Authorities: ROLE_ANONYMOUS
[timestamp=2019-10-17 17:15:50.750] [level=DEBUG] [app_id=stop-boot-admin] [http-nio-8087-exec-2] [org.springframework.security.access.vote.AffirmativeBased : AffirmativeBased.java : 66] Voter: org.springframework.security.web.access.expression.WebExpressionVoter@3cdf3777, returned: 1
[timestamp=2019-10-17 17:15:50.750] [level=DEBUG] [app_id=stop-boot-admin] [http-nio-8087-exec-2] [org.springframework.security.web.access.intercept.FilterSecurityInterceptor : AbstractSecurityInterceptor.java : 243] Authorization successful
[timestamp=2019-10-17 17:15:50.750] [level=DEBUG] [app_id=stop-boot-admin] [http-nio-8087-exec-2] [org.springframework.security.web.access.intercept.FilterSecurityInterceptor : AbstractSecurityInterceptor.java : 256] RunAsManager did not change Authentication object
[timestamp=2019-10-17 17:15:50.750] [level=DEBUG] [app_id=stop-boot-admin] [http-nio-8087-exec-2] [org.springframework.security.web.FilterChainProxy : FilterChainProxy.java : 313] /system/menu/list reached end of additional filter chain; proceeding with original chain
[timestamp=2019-10-17 17:15:50.750] [level=DEBUG] [app_id=stop-boot-admin] [http-nio-8087-exec-2] [org.springframework.web.servlet.DispatcherServlet : LogFormatUtils.java : 91] OPTIONS "/api/system/menu/list", parameters={}
[timestamp=2019-10-17 17:15:50.751] [level=DEBUG] [app_id=stop-boot-admin] [http-nio-8087-exec-2] [springfox.documentation.spring.web.PropertySourcedRequestMappingHandlerMapping : PropertySourcedRequestMappingHandlerMapping.java : 108] looking up handler for path: /system/menu/list
[timestamp=2019-10-17 17:15:50.751] [level=DEBUG] [app_id=stop-boot-admin] [http-nio-8087-exec-2] [org.springframework.web.servlet.mvc.method.annotation.RequestMappingHandlerMapping : AbstractHandlerMapping.java : 420] Mapped to public com.stopboot.admin.common.ResultData<ListVO> com.stopboot.admin.base.controller.DefaultListController.list(ListParams)
[timestamp=2019-10-17 17:15:50.756] [level=DEBUG] [app_id=stop-boot-admin] [http-nio-8087-exec-2] [org.springframework.web.servlet.DispatcherServlet : FrameworkServlet.java : 1130] Completed 200 OK
[timestamp=2019-10-17 17:15:50.758] [level=DEBUG] [app_id=stop-boot-admin] [http-nio-8087-exec-2] [org.springframework.security.web.access.ExceptionTranslationFilter : ExceptionTranslationFilter.java : 121] Chain processed normally
[timestamp=2019-10-17 17:15:50.758] [level=DEBUG] [app_id=stop-boot-admin] [http-nio-8087-exec-2] [org.springframework.security.web.header.writers.HstsHeaderWriter : HstsHeaderWriter.java : 129] Not injecting HSTS header since it did not match the requestMatcher org.springframework.security.web.header.writers.HstsHeaderWriter$SecureRequestMatcher@4265c090
[timestamp=2019-10-17 17:15:50.758] [level=DEBUG] [app_id=stop-boot-admin] [http-nio-8087-exec-2] [org.springframework.security.web.context.SecurityContextPersistenceFilter : SecurityContextPersistenceFilter.java : 119] SecurityContextHolder now cleared, as request processing completed
[timestamp=2019-10-17 17:15:50.844] [level=DEBUG] [app_id=stop-boot-admin] [http-nio-8087-exec-3] [org.springframework.security.web.util.matcher.AntPathRequestMatcher : AntPathRequestMatcher.java : 176] Checking match of request : '/system/menu/list'; against '/auth/login2'
[timestamp=2019-10-17 17:15:50.844] [level=DEBUG] [app_id=stop-boot-admin] [http-nio-8087-exec-3] [org.springframework.security.web.util.matcher.AntPathRequestMatcher : AntPathRequestMatcher.java : 156] Request 'POST /system/menu/list' doesn't match 'GET /'
[timestamp=2019-10-17 17:15:50.844] [level=DEBUG] [app_id=stop-boot-admin] [http-nio-8087-exec-3] [org.springframework.security.web.util.matcher.AntPathRequestMatcher : AntPathRequestMatcher.java : 156] Request 'POST /system/menu/list' doesn't match 'GET /*.html'
[timestamp=2019-10-17 17:15:50.844] [level=DEBUG] [app_id=stop-boot-admin] [http-nio-8087-exec-3] [org.springframework.security.web.util.matcher.AntPathRequestMatcher : AntPathRequestMatcher.java : 156] Request 'POST /system/menu/list' doesn't match 'GET /favicon.ico'
[timestamp=2019-10-17 17:15:50.844] [level=DEBUG] [app_id=stop-boot-admin] [http-nio-8087-exec-3] [org.springframework.security.web.util.matcher.AntPathRequestMatcher : AntPathRequestMatcher.java : 156] Request 'POST /system/menu/list' doesn't match 'GET /**/*.html'
[timestamp=2019-10-17 17:15:50.844] [level=DEBUG] [app_id=stop-boot-admin] [http-nio-8087-exec-3] [org.springframework.security.web.util.matcher.AntPathRequestMatcher : AntPathRequestMatcher.java : 156] Request 'POST /system/menu/list' doesn't match 'GET /**/*.css'
[timestamp=2019-10-17 17:15:50.844] [level=DEBUG] [app_id=stop-boot-admin] [http-nio-8087-exec-3] [org.springframework.security.web.util.matcher.AntPathRequestMatcher : AntPathRequestMatcher.java : 156] Request 'POST /system/menu/list' doesn't match 'GET /**/*.js'
[timestamp=2019-10-17 17:15:50.845] [level=DEBUG] [app_id=stop-boot-admin] [http-nio-8087-exec-3] [org.springframework.security.web.util.matcher.AntPathRequestMatcher : AntPathRequestMatcher.java : 156] Request 'POST /system/menu/list' doesn't match 'GET /webjars/**'
[timestamp=2019-10-17 17:15:50.845] [level=DEBUG] [app_id=stop-boot-admin] [http-nio-8087-exec-3] [org.springframework.security.web.util.matcher.AntPathRequestMatcher : AntPathRequestMatcher.java : 156] Request 'POST /system/menu/list' doesn't match 'GET /doc.html'
[timestamp=2019-10-17 17:15:50.845] [level=DEBUG] [app_id=stop-boot-admin] [http-nio-8087-exec-3] [org.springframework.security.web.FilterChainProxy : FilterChainProxy.java : 328] /system/menu/list at position 1 of 11 in additional filter chain; firing Filter: 'WebAsyncManagerIntegrationFilter'
[timestamp=2019-10-17 17:15:50.845] [level=DEBUG] [app_id=stop-boot-admin] [http-nio-8087-exec-3] [org.springframework.security.web.FilterChainProxy : FilterChainProxy.java : 328] /system/menu/list at position 2 of 11 in additional filter chain; firing Filter: 'SecurityContextPersistenceFilter'
[timestamp=2019-10-17 17:15:50.845] [level=DEBUG] [app_id=stop-boot-admin] [http-nio-8087-exec-3] [org.springframework.security.web.FilterChainProxy : FilterChainProxy.java : 328] /system/menu/list at position 3 of 11 in additional filter chain; firing Filter: 'HeaderWriterFilter'
[timestamp=2019-10-17 17:15:50.845] [level=DEBUG] [app_id=stop-boot-admin] [http-nio-8087-exec-3] [org.springframework.security.web.FilterChainProxy : FilterChainProxy.java : 328] /system/menu/list at position 4 of 11 in additional filter chain; firing Filter: 'LogoutFilter'
[timestamp=2019-10-17 17:15:50.845] [level=DEBUG] [app_id=stop-boot-admin] [http-nio-8087-exec-3] [org.springframework.security.web.util.matcher.OrRequestMatcher : OrRequestMatcher.java : 65] Trying to match using Ant [pattern='/logout', GET]
[timestamp=2019-10-17 17:15:50.845] [level=DEBUG] [app_id=stop-boot-admin] [http-nio-8087-exec-3] [org.springframework.security.web.util.matcher.AntPathRequestMatcher : AntPathRequestMatcher.java : 156] Request 'POST /system/menu/list' doesn't match 'GET /logout'
[timestamp=2019-10-17 17:15:50.846] [level=DEBUG] [app_id=stop-boot-admin] [http-nio-8087-exec-3] [org.springframework.security.web.util.matcher.OrRequestMatcher : OrRequestMatcher.java : 65] Trying to match using Ant [pattern='/logout', POST]
[timestamp=2019-10-17 17:15:50.846] [level=DEBUG] [app_id=stop-boot-admin] [http-nio-8087-exec-3] [org.springframework.security.web.util.matcher.AntPathRequestMatcher : AntPathRequestMatcher.java : 176] Checking match of request : '/system/menu/list'; against '/logout'
[timestamp=2019-10-17 17:15:50.846] [level=DEBUG] [app_id=stop-boot-admin] [http-nio-8087-exec-3] [org.springframework.security.web.util.matcher.OrRequestMatcher : OrRequestMatcher.java : 65] Trying to match using Ant [pattern='/logout', PUT]
[timestamp=2019-10-17 17:15:50.846] [level=DEBUG] [app_id=stop-boot-admin] [http-nio-8087-exec-3] [org.springframework.security.web.util.matcher.AntPathRequestMatcher : AntPathRequestMatcher.java : 156] Request 'POST /system/menu/list' doesn't match 'PUT /logout'
[timestamp=2019-10-17 17:15:50.846] [level=DEBUG] [app_id=stop-boot-admin] [http-nio-8087-exec-3] [org.springframework.security.web.util.matcher.OrRequestMatcher : OrRequestMatcher.java : 65] Trying to match using Ant [pattern='/logout', DELETE]
[timestamp=2019-10-17 17:15:50.846] [level=DEBUG] [app_id=stop-boot-admin] [http-nio-8087-exec-3] [org.springframework.security.web.util.matcher.AntPathRequestMatcher : AntPathRequestMatcher.java : 156] Request 'POST /system/menu/list' doesn't match 'DELETE /logout'
[timestamp=2019-10-17 17:15:50.846] [level=DEBUG] [app_id=stop-boot-admin] [http-nio-8087-exec-3] [org.springframework.security.web.util.matcher.OrRequestMatcher : OrRequestMatcher.java : 72] No matches found
[timestamp=2019-10-17 17:15:50.846] [level=DEBUG] [app_id=stop-boot-admin] [http-nio-8087-exec-3] [org.springframework.security.web.FilterChainProxy : FilterChainProxy.java : 328] /system/menu/list at position 5 of 11 in additional filter chain; firing Filter: 'JwtRequestFilter'
[timestamp=2019-10-17 17:15:50.847] [level=DEBUG] [app_id=stop-boot-admin] [http-nio-8087-exec-3] [org.springframework.security.web.FilterChainProxy : FilterChainProxy.java : 328] /system/menu/list at position 6 of 11 in additional filter chain; firing Filter: 'RequestCacheAwareFilter'
[timestamp=2019-10-17 17:15:50.847] [level=DEBUG] [app_id=stop-boot-admin] [http-nio-8087-exec-3] [org.springframework.security.web.FilterChainProxy : FilterChainProxy.java : 328] /system/menu/list at position 7 of 11 in additional filter chain; firing Filter: 'SecurityContextHolderAwareRequestFilter'
[timestamp=2019-10-17 17:15:50.847] [level=DEBUG] [app_id=stop-boot-admin] [http-nio-8087-exec-3] [org.springframework.security.web.FilterChainProxy : FilterChainProxy.java : 328] /system/menu/list at position 8 of 11 in additional filter chain; firing Filter: 'AnonymousAuthenticationFilter'
[timestamp=2019-10-17 17:15:50.847] [level=DEBUG] [app_id=stop-boot-admin] [http-nio-8087-exec-3] [org.springframework.security.web.authentication.AnonymousAuthenticationFilter : AnonymousAuthenticationFilter.java : 100] Populated SecurityContextHolder with anonymous token: 'org.springframework.security.authentication.AnonymousAuthenticationToken@48dccbfa: Principal: anonymousUser; Credentials: [PROTECTED]; Authenticated: true; Details: org.springframework.security.web.authentication.WebAuthenticationDetails@3bcc: RemoteIpAddress: 10.38.1.61; SessionId: null; Granted Authorities: ROLE_ANONYMOUS'
[timestamp=2019-10-17 17:15:50.847] [level=DEBUG] [app_id=stop-boot-admin] [http-nio-8087-exec-3] [org.springframework.security.web.FilterChainProxy : FilterChainProxy.java : 328] /system/menu/list at position 9 of 11 in additional filter chain; firing Filter: 'SessionManagementFilter'
[timestamp=2019-10-17 17:15:50.848] [level=DEBUG] [app_id=stop-boot-admin] [http-nio-8087-exec-3] [org.springframework.security.web.FilterChainProxy : FilterChainProxy.java : 328] /system/menu/list at position 10 of 11 in additional filter chain; firing Filter: 'ExceptionTranslationFilter'
[timestamp=2019-10-17 17:15:50.848] [level=DEBUG] [app_id=stop-boot-admin] [http-nio-8087-exec-3] [org.springframework.security.web.FilterChainProxy : FilterChainProxy.java : 328] /system/menu/list at position 11 of 11 in additional filter chain; firing Filter: 'FilterSecurityInterceptor'
[timestamp=2019-10-17 17:15:50.848] [level=DEBUG] [app_id=stop-boot-admin] [http-nio-8087-exec-3] [org.springframework.security.web.access.intercept.FilterSecurityInterceptor : AbstractSecurityInterceptor.java : 219] Secure object: FilterInvocation: URL: /system/menu/list; Attributes: [permitAll]
[timestamp=2019-10-17 17:15:50.848] [level=DEBUG] [app_id=stop-boot-admin] [http-nio-8087-exec-3] [org.springframework.security.web.access.intercept.FilterSecurityInterceptor : AbstractSecurityInterceptor.java : 348] Previously Authenticated: org.springframework.security.authentication.AnonymousAuthenticationToken@48dccbfa: Principal: anonymousUser; Credentials: [PROTECTED]; Authenticated: true; Details: org.springframework.security.web.authentication.WebAuthenticationDetails@3bcc: RemoteIpAddress: 10.38.1.61; SessionId: null; Granted Authorities: ROLE_ANONYMOUS
[timestamp=2019-10-17 17:15:50.848] [level=DEBUG] [app_id=stop-boot-admin] [http-nio-8087-exec-3] [org.springframework.security.access.vote.AffirmativeBased : AffirmativeBased.java : 66] Voter: org.springframework.security.web.access.expression.WebExpressionVoter@3cdf3777, returned: 1
[timestamp=2019-10-17 17:15:50.849] [level=DEBUG] [app_id=stop-boot-admin] [http-nio-8087-exec-3] [org.springframework.security.web.access.intercept.FilterSecurityInterceptor : AbstractSecurityInterceptor.java : 243] Authorization successful
[timestamp=2019-10-17 17:15:50.849] [level=DEBUG] [app_id=stop-boot-admin] [http-nio-8087-exec-3] [org.springframework.security.web.access.intercept.FilterSecurityInterceptor : AbstractSecurityInterceptor.java : 256] RunAsManager did not change Authentication object
[timestamp=2019-10-17 17:15:50.849] [level=DEBUG] [app_id=stop-boot-admin] [http-nio-8087-exec-3] [org.springframework.security.web.FilterChainProxy : FilterChainProxy.java : 313] /system/menu/list reached end of additional filter chain; proceeding with original chain
[timestamp=2019-10-17 17:15:50.849] [level=DEBUG] [app_id=stop-boot-admin] [http-nio-8087-exec-3] [org.springframework.web.servlet.DispatcherServlet : LogFormatUtils.java : 91] POST "/api/system/menu/list", parameters={}
[timestamp=2019-10-17 17:15:50.849] [level=DEBUG] [app_id=stop-boot-admin] [http-nio-8087-exec-3] [springfox.documentation.spring.web.PropertySourcedRequestMappingHandlerMapping : PropertySourcedRequestMappingHandlerMapping.java : 108] looking up handler for path: /system/menu/list
[timestamp=2019-10-17 17:15:50.850] [level=DEBUG] [app_id=stop-boot-admin] [http-nio-8087-exec-3] [org.springframework.web.servlet.mvc.method.annotation.RequestMappingHandlerMapping : AbstractHandlerMapping.java : 420] Mapped to public com.stopboot.admin.common.ResultData<ListVO> com.stopboot.admin.base.controller.DefaultListController.list(ListParams)
[timestamp=2019-10-17 17:15:50.861] [level=DEBUG] [app_id=stop-boot-admin] [http-nio-8087-exec-3] [org.springframework.web.servlet.mvc.method.annotation.RequestResponseBodyMethodProcessor : LogFormatUtils.java : 91] Read "application/json;charset=UTF-8" to [MenuListParams()]
[timestamp=2019-10-17 17:15:50.960] [level=DEBUG] [app_id=stop-boot-admin] [http-nio-8087-exec-3] [org.springframework.web.servlet.DispatcherServlet : FrameworkServlet.java : 1100] Failed to complete request: org.springframework.web.util.NestedServletException: Handler dispatch failed; nested exception is java.lang.NoClassDefFoundError: com/stopboot/admin/entity/SbMenuExample$Criteria
[timestamp=2019-10-17 17:15:50.960] [level=DEBUG] [app_id=stop-boot-admin] [http-nio-8087-exec-3] [org.springframework.security.web.header.writers.HstsHeaderWriter : HstsHeaderWriter.java : 129] Not injecting HSTS header since it did not match the requestMatcher org.springframework.security.web.header.writers.HstsHeaderWriter$SecureRequestMatcher@4265c090
[timestamp=2019-10-17 17:15:50.960] [level=DEBUG] [app_id=stop-boot-admin] [http-nio-8087-exec-3] [org.springframework.security.web.context.SecurityContextPersistenceFilter : SecurityContextPersistenceFilter.java : 119] SecurityContextHolder now cleared, as request processing completed
[timestamp=2019-10-17 17:15:50.972] [level=DEBUG] [app_id=stop-boot-admin] [http-nio-8087-exec-3] [org.springframework.security.web.util.matcher.AntPathRequestMatcher : AntPathRequestMatcher.java : 176] Checking match of request : '/error'; against '/auth/login2'
[timestamp=2019-10-17 17:15:50.972] [level=DEBUG] [app_id=stop-boot-admin] [http-nio-8087-exec-3] [org.springframework.security.web.util.matcher.AntPathRequestMatcher : AntPathRequestMatcher.java : 156] Request 'POST /error' doesn't match 'GET /'
[timestamp=2019-10-17 17:15:50.972] [level=DEBUG] [app_id=stop-boot-admin] [http-nio-8087-exec-3] [org.springframework.security.web.util.matcher.AntPathRequestMatcher : AntPathRequestMatcher.java : 156] Request 'POST /error' doesn't match 'GET /*.html'
[timestamp=2019-10-17 17:15:50.972] [level=DEBUG] [app_id=stop-boot-admin] [http-nio-8087-exec-3] [org.springframework.security.web.util.matcher.AntPathRequestMatcher : AntPathRequestMatcher.java : 156] Request 'POST /error' doesn't match 'GET /favicon.ico'
[timestamp=2019-10-17 17:15:50.972] [level=DEBUG] [app_id=stop-boot-admin] [http-nio-8087-exec-3] [org.springframework.security.web.util.matcher.AntPathRequestMatcher : AntPathRequestMatcher.java : 156] Request 'POST /error' doesn't match 'GET /**/*.html'
[timestamp=2019-10-17 17:15:50.972] [level=DEBUG] [app_id=stop-boot-admin] [http-nio-8087-exec-3] [org.springframework.security.web.util.matcher.AntPathRequestMatcher : AntPathRequestMatcher.java : 156] Request 'POST /error' doesn't match 'GET /**/*.css'
[timestamp=2019-10-17 17:15:50.973] [level=DEBUG] [app_id=stop-boot-admin] [http-nio-8087-exec-3] [org.springframework.security.web.util.matcher.AntPathRequestMatcher : AntPathRequestMatcher.java : 156] Request 'POST /error' doesn't match 'GET /**/*.js'
[timestamp=2019-10-17 17:15:50.973] [level=DEBUG] [app_id=stop-boot-admin] [http-nio-8087-exec-3] [org.springframework.security.web.util.matcher.AntPathRequestMatcher : AntPathRequestMatcher.java : 156] Request 'POST /error' doesn't match 'GET /webjars/**'
[timestamp=2019-10-17 17:15:50.973] [level=DEBUG] [app_id=stop-boot-admin] [http-nio-8087-exec-3] [org.springframework.security.web.util.matcher.AntPathRequestMatcher : AntPathRequestMatcher.java : 156] Request 'POST /error' doesn't match 'GET /doc.html'
[timestamp=2019-10-17 17:15:50.973] [level=DEBUG] [app_id=stop-boot-admin] [http-nio-8087-exec-3] [org.springframework.security.web.FilterChainProxy : FilterChainProxy.java : 328] /error at position 1 of 11 in additional filter chain; firing Filter: 'WebAsyncManagerIntegrationFilter'
[timestamp=2019-10-17 17:15:50.973] [level=DEBUG] [app_id=stop-boot-admin] [http-nio-8087-exec-3] [org.springframework.security.web.FilterChainProxy : FilterChainProxy.java : 328] /error at position 2 of 11 in additional filter chain; firing Filter: 'SecurityContextPersistenceFilter'
[timestamp=2019-10-17 17:15:50.973] [level=DEBUG] [app_id=stop-boot-admin] [http-nio-8087-exec-3] [org.springframework.security.web.FilterChainProxy : FilterChainProxy.java : 328] /error at position 3 of 11 in additional filter chain; firing Filter: 'HeaderWriterFilter'
[timestamp=2019-10-17 17:15:50.974] [level=DEBUG] [app_id=stop-boot-admin] [http-nio-8087-exec-3] [org.springframework.security.web.FilterChainProxy : FilterChainProxy.java : 328] /error at position 4 of 11 in additional filter chain; firing Filter: 'LogoutFilter'
[timestamp=2019-10-17 17:15:50.974] [level=DEBUG] [app_id=stop-boot-admin] [http-nio-8087-exec-3] [org.springframework.security.web.util.matcher.OrRequestMatcher : OrRequestMatcher.java : 65] Trying to match using Ant [pattern='/logout', GET]
[timestamp=2019-10-17 17:15:50.974] [level=DEBUG] [app_id=stop-boot-admin] [http-nio-8087-exec-3] [org.springframework.security.web.util.matcher.AntPathRequestMatcher : AntPathRequestMatcher.java : 156] Request 'POST /error' doesn't match 'GET /logout'
[timestamp=2019-10-17 17:15:50.974] [level=DEBUG] [app_id=stop-boot-admin] [http-nio-8087-exec-3] [org.springframework.security.web.util.matcher.OrRequestMatcher : OrRequestMatcher.java : 65] Trying to match using Ant [pattern='/logout', POST]
[timestamp=2019-10-17 17:15:50.974] [level=DEBUG] [app_id=stop-boot-admin] [http-nio-8087-exec-3] [org.springframework.security.web.util.matcher.AntPathRequestMatcher : AntPathRequestMatcher.java : 176] Checking match of request : '/error'; against '/logout'
[timestamp=2019-10-17 17:15:50.974] [level=DEBUG] [app_id=stop-boot-admin] [http-nio-8087-exec-3] [org.springframework.security.web.util.matcher.OrRequestMatcher : OrRequestMatcher.java : 65] Trying to match using Ant [pattern='/logout', PUT]
[timestamp=2019-10-17 17:15:50.974] [level=DEBUG] [app_id=stop-boot-admin] [http-nio-8087-exec-3] [org.springframework.security.web.util.matcher.AntPathRequestMatcher : AntPathRequestMatcher.java : 156] Request 'POST /error' doesn't match 'PUT /logout'
[timestamp=2019-10-17 17:15:50.974] [level=DEBUG] [app_id=stop-boot-admin] [http-nio-8087-exec-3] [org.springframework.security.web.util.matcher.OrRequestMatcher : OrRequestMatcher.java : 65] Trying to match using Ant [pattern='/logout', DELETE]
[timestamp=2019-10-17 17:15:50.974] [level=DEBUG] [app_id=stop-boot-admin] [http-nio-8087-exec-3] [org.springframework.security.web.util.matcher.AntPathRequestMatcher : AntPathRequestMatcher.java : 156] Request 'POST /error' doesn't match 'DELETE /logout'
[timestamp=2019-10-17 17:15:50.974] [level=DEBUG] [app_id=stop-boot-admin] [http-nio-8087-exec-3] [org.springframework.security.web.util.matcher.OrRequestMatcher : OrRequestMatcher.java : 72] No matches found
[timestamp=2019-10-17 17:15:50.974] [level=DEBUG] [app_id=stop-boot-admin] [http-nio-8087-exec-3] [org.springframework.security.web.FilterChainProxy : FilterChainProxy.java : 328] /error at position 5 of 11 in additional filter chain; firing Filter: 'JwtRequestFilter'
[timestamp=2019-10-17 17:15:50.975] [level=DEBUG] [app_id=stop-boot-admin] [http-nio-8087-exec-3] [org.springframework.security.web.FilterChainProxy : FilterChainProxy.java : 328] /error at position 6 of 11 in additional filter chain; firing Filter: 'RequestCacheAwareFilter'
[timestamp=2019-10-17 17:15:50.975] [level=DEBUG] [app_id=stop-boot-admin] [http-nio-8087-exec-3] [org.springframework.security.web.FilterChainProxy : FilterChainProxy.java : 328] /error at position 7 of 11 in additional filter chain; firing Filter: 'SecurityContextHolderAwareRequestFilter'
[timestamp=2019-10-17 17:15:50.975] [level=DEBUG] [app_id=stop-boot-admin] [http-nio-8087-exec-3] [org.springframework.security.web.FilterChainProxy : FilterChainProxy.java : 328] /error at position 8 of 11 in additional filter chain; firing Filter: 'AnonymousAuthenticationFilter'
[timestamp=2019-10-17 17:15:50.975] [level=DEBUG] [app_id=stop-boot-admin] [http-nio-8087-exec-3] [org.springframework.security.web.authentication.AnonymousAuthenticationFilter : AnonymousAuthenticationFilter.java : 100] Populated SecurityContextHolder with anonymous token: 'org.springframework.security.authentication.AnonymousAuthenticationToken@48dccbfa: Principal: anonymousUser; Credentials: [PROTECTED]; Authenticated: true; Details: org.springframework.security.web.authentication.WebAuthenticationDetails@3bcc: RemoteIpAddress: 10.38.1.61; SessionId: null; Granted Authorities: ROLE_ANONYMOUS'
[timestamp=2019-10-17 17:15:50.975] [level=DEBUG] [app_id=stop-boot-admin] [http-nio-8087-exec-3] [org.springframework.security.web.FilterChainProxy : FilterChainProxy.java : 328] /error at position 9 of 11 in additional filter chain; firing Filter: 'SessionManagementFilter'
[timestamp=2019-10-17 17:15:50.975] [level=DEBUG] [app_id=stop-boot-admin] [http-nio-8087-exec-3] [org.springframework.security.web.FilterChainProxy : FilterChainProxy.java : 328] /error at position 10 of 11 in additional filter chain; firing Filter: 'ExceptionTranslationFilter'
[timestamp=2019-10-17 17:15:50.975] [level=DEBUG] [app_id=stop-boot-admin] [http-nio-8087-exec-3] [org.springframework.security.web.FilterChainProxy : FilterChainProxy.java : 328] /error at position 11 of 11 in additional filter chain; firing Filter: 'FilterSecurityInterceptor'
[timestamp=2019-10-17 17:15:50.975] [level=DEBUG] [app_id=stop-boot-admin] [http-nio-8087-exec-3] [org.springframework.security.web.FilterChainProxy : FilterChainProxy.java : 313] /error reached end of additional filter chain; proceeding with original chain
[timestamp=2019-10-17 17:15:50.975] [level=DEBUG] [app_id=stop-boot-admin] [http-nio-8087-exec-3] [org.springframework.web.servlet.DispatcherServlet : LogFormatUtils.java : 91] "ERROR" dispatch for POST "/api/error", parameters={}
[timestamp=2019-10-17 17:15:50.976] [level=DEBUG] [app_id=stop-boot-admin] [http-nio-8087-exec-3] [springfox.documentation.spring.web.PropertySourcedRequestMappingHandlerMapping : PropertySourcedRequestMappingHandlerMapping.java : 108] looking up handler for path: /error
[timestamp=2019-10-17 17:15:50.978] [level=DEBUG] [app_id=stop-boot-admin] [http-nio-8087-exec-3] [org.springframework.web.servlet.mvc.method.annotation.RequestMappingHandlerMapping : AbstractHandlerMapping.java : 420] Mapped to public org.springframework.http.ResponseEntity<java.util.Map<java.lang.String, java.lang.Object>> org.springframework.boot.autoconfigure.web.servlet.error.BasicErrorController.error(javax.servlet.http.HttpServletRequest)
[timestamp=2019-10-17 17:15:50.984] [level=DEBUG] [app_id=stop-boot-admin] [http-nio-8087-exec-3] [org.springframework.web.servlet.mvc.method.annotation.HttpEntityMethodProcessor : AbstractMessageConverterMethodProcessor.java : 268] Using 'application/json;charset=UTF-8', given [application/json, text/plain, */*] and supported [application/json;charset=UTF-8, application/json, application/*+json]
[timestamp=2019-10-17 17:15:50.984] [level=DEBUG] [app_id=stop-boot-admin] [http-nio-8087-exec-3] [org.springframework.web.servlet.mvc.method.annotation.HttpEntityMethodProcessor : LogFormatUtils.java : 91] Writing [{timestamp=Thu Oct 17 17:15:50 CST 2019, status=500, error=Internal Server Error, message=com/stopbo (truncated)...]
[timestamp=2019-10-17 17:15:50.987] [level=DEBUG] [app_id=stop-boot-admin] [http-nio-8087-exec-3] [org.springframework.web.servlet.DispatcherServlet : FrameworkServlet.java : 1126] Exiting from "ERROR" dispatch, status 500
[timestamp=2019-10-17 17:15:50.988] [level=DEBUG] [app_id=stop-boot-admin] [http-nio-8087-exec-3] [org.springframework.security.web.access.ExceptionTranslationFilter : ExceptionTranslationFilter.java : 121] Chain processed normally
[timestamp=2019-10-17 17:15:50.988] [level=DEBUG] [app_id=stop-boot-admin] [http-nio-8087-exec-3] [org.springframework.security.web.context.SecurityContextPersistenceFilter : SecurityContextPersistenceFilter.java : 119] SecurityContextHolder now cleared, as request processing completed
[timestamp=2019-10-17 17:15:52.674] [level=DEBUG] [app_id=stop-boot-admin] [Thread-44] [org.springframework.boot.web.servlet.context.AnnotationConfigServletWebServerApplicationContext : AbstractApplicationContext.java : 1002] Closing org.springframework.boot.web.servlet.context.AnnotationConfigServletWebServerApplicationContext@4c1f22f3, started on Thu Oct 17 17:10:43 CST 2019
[timestamp=2019-10-17 17:15:52.675] [level=DEBUG] [app_id=stop-boot-admin] [Thread-44] [org.springframework.core.env.PropertySourcesPropertyResolver : PropertySourcesPropertyResolver.java : 115] Found key 'spring.liveBeansView.mbeanDomain' in PropertySource 'systemProperties' with value of type String
[timestamp=2019-10-17 17:15:52.678] [level=DEBUG] [app_id=stop-boot-admin] [Thread-44] [org.springframework.context.support.DefaultLifecycleProcessor : DefaultLifecycleProcessor.java : 369] Stopping beans in phase 2147483647
[timestamp=2019-10-17 17:15:52.678] [level=DEBUG] [app_id=stop-boot-admin] [Thread-44] [org.springframework.context.support.DefaultLifecycleProcessor : DefaultLifecycleProcessor.java : 242] Bean 'documentationPluginsBootstrapper' completed its stop procedure
[timestamp=2019-10-17 17:15:52.679] [level=DEBUG] [app_id=stop-boot-admin] [Thread-44] [org.springframework.data.redis.listener.RedisMessageListenerContainer : RedisMessageListenerContainer.java : 229] Stopped RedisMessageListenerContainer
[timestamp=2019-10-17 17:15:52.679] [level=DEBUG] [app_id=stop-boot-admin] [Thread-44] [org.springframework.jmx.export.annotation.AnnotationMBeanExporter : MBeanExporter.java : 451] Unregistering JMX-exposed beans on shutdown
[timestamp=2019-10-17 17:15:52.680] [level=DEBUG] [app_id=stop-boot-admin] [Thread-44] [org.springframework.jmx.export.annotation.AnnotationMBeanExporter : MBeanRegistrationSupport.java : 185] Unregistering JMX-exposed beans
[timestamp=2019-10-17 17:15:52.694] [level=DEBUG] [app_id=stop-boot-admin] [Thread-44] [com.alibaba.druid.pool.PreparedStatementPool : PreparedStatementPool.java : 160] {conn-10005, pstmt-20000} exit cache
[timestamp=2019-10-17 17:15:52.701] [level=DEBUG] [app_id=stop-boot-admin] [Thread-44] [io.lettuce.core.RedisClient : AbstractRedisClient.java : 437] Initiate shutdown (100, 100, MILLISECONDS)
[timestamp=2019-10-17 17:15:52.713] [level=DEBUG] [app_id=stop-boot-admin] [Thread-44] [io.lettuce.core.resource.DefaultClientResources : DefaultClientResources.java : 601] Initiate shutdown (0, 2, SECONDS)
[timestamp=2019-10-17 17:15:52.714] [level=DEBUG] [app_id=stop-boot-admin] [Thread-44] [io.lettuce.core.resource.DefaultEventLoopGroupProvider : DefaultEventLoopGroupProvider.java : 202] Initiate shutdown (0, 2, SECONDS)
